<?xml version="1.0" encoding="UTF-8"?>
<!-- Generated by org.testng.reporters.JUnitXMLReporter -->
<testsuite ignored="0" hostname="DESKTOP-LIRMKI2" failures="0" tests="3" name="Default test" time="91.715" errors="0" timestamp="2023-06-24T12:28:32 IST">
  <testcase classname="digitalWebSolution.ClickOnInterviewTab" name="ClickOnInterviewTabtab" time="29.52"/>
  <testcase classname="digitalWebSolution.ClickOnInterviewTab" name="clickChrisDreyer" time="25.247"/>
  <testcase classname="digitalWebSolution.ClickOnInterviewTab" name="clickTravis" time="12.775"/>
</testsuite> <!-- Default test -->
